<?xml version="1.0" encoding="UTF-8"?>
<testng-results ignored="0" total="2" passed="2" failed="0" skipped="0">
  <reporter-output>
  </reporter-output>
  <suite started-at="2023-03-30T03:26:14 EET" name="Default suite" finished-at="2023-03-30T03:26:21 EET" duration-ms="6544">
    <groups>
    </groups>
    <test started-at="2023-03-30T03:26:14 EET" name="Default test" finished-at="2023-03-30T03:26:21 EET" duration-ms="6544">
      <class name="jowytask.TestJowy">
        <test-method is-config="true" signature="setup()[pri:0, instance:jowytask.TestJowy@f5acb9d]" started-at="2023-03-30T03:26:14 EET" name="setup" finished-at="2023-03-30T03:26:20 EET" duration-ms="5941" status="PASS">
          <reporter-output>
          </reporter-output>
        </test-method> <!-- setup -->
        <test-method signature="verifyBundles()[pri:0, instance:jowytask.TestJowy@f5acb9d]" started-at="2023-03-30T03:26:20 EET" name="verifyBundles" finished-at="2023-03-30T03:26:20 EET" duration-ms="325" status="PASS">
          <reporter-output>
          </reporter-output>
        </test-method> <!-- verifyBundles -->
        <test-method signature="verifyTitle()[pri:0, instance:jowytask.TestJowy@f5acb9d]" started-at="2023-03-30T03:26:20 EET" name="verifyTitle" finished-at="2023-03-30T03:26:20 EET" duration-ms="9" status="PASS">
          <reporter-output>
          </reporter-output>
        </test-method> <!-- verifyTitle -->
        <test-method is-config="true" signature="teardown()[pri:0, instance:jowytask.TestJowy@f5acb9d]" started-at="2023-03-30T03:26:20 EET" name="teardown" finished-at="2023-03-30T03:26:21 EET" duration-ms="229" status="PASS">
          <reporter-output>
          </reporter-output>
        </test-method> <!-- teardown -->
      </class> <!-- jowytask.TestJowy -->
    </test> <!-- Default test -->
  </suite> <!-- Default suite -->
</testng-results>
