<?xml version="1.0" encoding="UTF-8"?>
<testng-results ignored="0" total="2" passed="2" failed="0" skipped="0">
  <reporter-output>
  </reporter-output>
  <suite started-at="2023-03-30T06:23:14 EET" name="Default suite" finished-at="2023-03-30T06:23:29 EET" duration-ms="15412">
    <groups>
    </groups>
    <test started-at="2023-03-30T06:23:14 EET" name="Default test" finished-at="2023-03-30T06:23:29 EET" duration-ms="15412">
      <class name="jowytask.tests">
        <test-method is-config="true" signature="startUP()[pri:0, instance:jowytask.tests@1de76cc7]" started-at="2023-03-30T06:23:14 EET" name="startUP" finished-at="2023-03-30T06:23:23 EET" duration-ms="9138" status="PASS">
          <reporter-output>
          </reporter-output>
        </test-method> <!-- startUP -->
        <test-method signature="validateAEURL()[pri:0, instance:jowytask.tests@1de76cc7]" started-at="2023-03-30T06:23:23 EET" name="validateAEURL" finished-at="2023-03-30T06:23:25 EET" duration-ms="2250" status="PASS">
          <reporter-output>
          </reporter-output>
        </test-method> <!-- validateAEURL -->
        <test-method signature="verifyEGURL()[pri:0, instance:jowytask.tests@1de76cc7]" started-at="2023-03-30T06:23:25 EET" name="verifyEGURL" finished-at="2023-03-30T06:23:29 EET" duration-ms="3792" status="PASS">
          <reporter-output>
          </reporter-output>
        </test-method> <!-- verifyEGURL -->
        <test-method is-config="true" signature="TearDownTest()[pri:0, instance:jowytask.tests@1de76cc7]" started-at="2023-03-30T06:23:29 EET" name="TearDownTest" finished-at="2023-03-30T06:23:29 EET" duration-ms="159" status="PASS">
          <reporter-output>
          </reporter-output>
        </test-method> <!-- TearDownTest -->
      </class> <!-- jowytask.tests -->
    </test> <!-- Default test -->
  </suite> <!-- Default suite -->
</testng-results>
